26-03-15.14:27:56.775 [main            ] INFO  ApiTest                - Starting ApiTest using Java 1.8.0_391 on CHINAMI-OTTQEV9 with PID 31952 (started by Administrator in D:\Learn\Java\group-buy-market\group-buy-market-app)
26-03-15.14:27:56.775 [main            ] INFO  ApiTest                - The following 1 profile is active: "dev"
26-03-15.14:27:57.314 [main            ] DEBUG MybatisAutoConfiguration - Searching for mappers annotated with @Mapper
26-03-15.14:27:57.314 [main            ] DEBUG MybatisAutoConfiguration - Using auto-configuration base package 'cn.bugstack'
26-03-15.14:27:57.448 [main            ] INFO  RepositoryConfigurationDelegate - Multiple Spring Data modules found, entering strict repository configuration mode
26-03-15.14:27:57.450 [main            ] INFO  RepositoryConfigurationDelegate - Bootstrapping Spring Data Redis repositories in DEFAULT mode.
26-03-15.14:27:57.488 [main            ] INFO  RepositoryConfigurationDelegate - Finished Spring Data repository scanning in 23 ms. Found 0 Redis repository interfaces.
26-03-15.14:27:57.579 [main            ] DEBUG ClassPathMapperScanner - Identified candidate component class: file [D:\Learn\Java\group-buy-market\group-buy-market-infrastructure\target\classes\cn\bugstack\infrastructure\dao\ICrowdTagsDao.class]
26-03-15.14:27:57.579 [main            ] DEBUG ClassPathMapperScanner - Identified candidate component class: file [D:\Learn\Java\group-buy-market\group-buy-market-infrastructure\target\classes\cn\bugstack\infrastructure\dao\ICrowdTagsDetailDao.class]
26-03-15.14:27:57.579 [main            ] DEBUG ClassPathMapperScanner - Identified candidate component class: file [D:\Learn\Java\group-buy-market\group-buy-market-infrastructure\target\classes\cn\bugstack\infrastructure\dao\ICrowdTagsJobDao.class]
26-03-15.14:27:57.579 [main            ] DEBUG ClassPathMapperScanner - Identified candidate component class: file [D:\Learn\Java\group-buy-market\group-buy-market-infrastructure\target\classes\cn\bugstack\infrastructure\dao\IGroupBuyActivityDao.class]
26-03-15.14:27:57.579 [main            ] DEBUG ClassPathMapperScanner - Identified candidate component class: file [D:\Learn\Java\group-buy-market\group-buy-market-infrastructure\target\classes\cn\bugstack\infrastructure\dao\IGroupBuyDiscountDao.class]
26-03-15.14:27:57.579 [main            ] DEBUG ClassPathMapperScanner - Identified candidate component class: file [D:\Learn\Java\group-buy-market\group-buy-market-infrastructure\target\classes\cn\bugstack\infrastructure\dao\IGroupBuyOrderDao.class]
26-03-15.14:27:57.579 [main            ] DEBUG ClassPathMapperScanner - Identified candidate component class: file [D:\Learn\Java\group-buy-market\group-buy-market-infrastructure\target\classes\cn\bugstack\infrastructure\dao\IGroupBuyOrderListDao.class]
26-03-15.14:27:57.579 [main            ] DEBUG ClassPathMapperScanner - Identified candidate component class: file [D:\Learn\Java\group-buy-market\group-buy-market-infrastructure\target\classes\cn\bugstack\infrastructure\dao\INotifyTaskDao.class]
26-03-15.14:27:57.579 [main            ] DEBUG ClassPathMapperScanner - Identified candidate component class: file [D:\Learn\Java\group-buy-market\group-buy-market-infrastructure\target\classes\cn\bugstack\infrastructure\dao\ISCSkuActivityDao.class]
26-03-15.14:27:57.579 [main            ] DEBUG ClassPathMapperScanner - Identified candidate component class: file [D:\Learn\Java\group-buy-market\group-buy-market-infrastructure\target\classes\cn\bugstack\infrastructure\dao\ISkuDao.class]
26-03-15.14:27:57.580 [main            ] DEBUG ClassPathMapperScanner - Creating MapperFactoryBean with name 'ICrowdTagsDao' and 'cn.bugstack.infrastructure.dao.ICrowdTagsDao' mapperInterface
26-03-15.14:27:57.580 [main            ] DEBUG ClassPathMapperScanner - Enabling autowire by type for MapperFactoryBean with name 'ICrowdTagsDao'.
26-03-15.14:27:57.580 [main            ] DEBUG ClassPathMapperScanner - Creating MapperFactoryBean with name 'ICrowdTagsDetailDao' and 'cn.bugstack.infrastructure.dao.ICrowdTagsDetailDao' mapperInterface
26-03-15.14:27:57.580 [main            ] DEBUG ClassPathMapperScanner - Enabling autowire by type for MapperFactoryBean with name 'ICrowdTagsDetailDao'.
26-03-15.14:27:57.580 [main            ] DEBUG ClassPathMapperScanner - Creating MapperFactoryBean with name 'ICrowdTagsJobDao' and 'cn.bugstack.infrastructure.dao.ICrowdTagsJobDao' mapperInterface
26-03-15.14:27:57.580 [main            ] DEBUG ClassPathMapperScanner - Enabling autowire by type for MapperFactoryBean with name 'ICrowdTagsJobDao'.
26-03-15.14:27:57.580 [main            ] DEBUG ClassPathMapperScanner - Creating MapperFactoryBean with name 'IGroupBuyActivityDao' and 'cn.bugstack.infrastructure.dao.IGroupBuyActivityDao' mapperInterface
26-03-15.14:27:57.580 [main            ] DEBUG ClassPathMapperScanner - Enabling autowire by type for MapperFactoryBean with name 'IGroupBuyActivityDao'.
26-03-15.14:27:57.580 [main            ] DEBUG ClassPathMapperScanner - Creating MapperFactoryBean with name 'IGroupBuyDiscountDao' and 'cn.bugstack.infrastructure.dao.IGroupBuyDiscountDao' mapperInterface
26-03-15.14:27:57.580 [main            ] DEBUG ClassPathMapperScanner - Enabling autowire by type for MapperFactoryBean with name 'IGroupBuyDiscountDao'.
26-03-15.14:27:57.580 [main            ] DEBUG ClassPathMapperScanner - Creating MapperFactoryBean with name 'IGroupBuyOrderDao' and 'cn.bugstack.infrastructure.dao.IGroupBuyOrderDao' mapperInterface
26-03-15.14:27:57.580 [main            ] DEBUG ClassPathMapperScanner - Enabling autowire by type for MapperFactoryBean with name 'IGroupBuyOrderDao'.
26-03-15.14:27:57.580 [main            ] DEBUG ClassPathMapperScanner - Creating MapperFactoryBean with name 'IGroupBuyOrderListDao' and 'cn.bugstack.infrastructure.dao.IGroupBuyOrderListDao' mapperInterface
26-03-15.14:27:57.580 [main            ] DEBUG ClassPathMapperScanner - Enabling autowire by type for MapperFactoryBean with name 'IGroupBuyOrderListDao'.
26-03-15.14:27:57.580 [main            ] DEBUG ClassPathMapperScanner - Creating MapperFactoryBean with name 'INotifyTaskDao' and 'cn.bugstack.infrastructure.dao.INotifyTaskDao' mapperInterface
26-03-15.14:27:57.580 [main            ] DEBUG ClassPathMapperScanner - Enabling autowire by type for MapperFactoryBean with name 'INotifyTaskDao'.
26-03-15.14:27:57.580 [main            ] DEBUG ClassPathMapperScanner - Creating MapperFactoryBean with name 'ISCSkuActivityDao' and 'cn.bugstack.infrastructure.dao.ISCSkuActivityDao' mapperInterface
26-03-15.14:27:57.580 [main            ] DEBUG ClassPathMapperScanner - Enabling autowire by type for MapperFactoryBean with name 'ISCSkuActivityDao'.
26-03-15.14:27:57.580 [main            ] DEBUG ClassPathMapperScanner - Creating MapperFactoryBean with name 'ISkuDao' and 'cn.bugstack.infrastructure.dao.ISkuDao' mapperInterface
26-03-15.14:27:57.580 [main            ] DEBUG ClassPathMapperScanner - Enabling autowire by type for MapperFactoryBean with name 'ISkuDao'.
26-03-15.14:27:57.777 [main            ] INFO  PostProcessorRegistrationDelegate$BeanPostProcessorChecker - Bean 'redisClientConfig' of type [cn.bugstack.config.RedisClientConfig$$EnhancerBySpringCGLIB$$6c99d87e] is not eligible for getting processed by all BeanPostProcessors (for example: not eligible for auto-proxying)
26-03-15.14:27:58.063 [main            ] INFO  PostProcessorRegistrationDelegate$BeanPostProcessorChecker - Bean 'redis.sdk.config-cn.bugstack.config.RedisClientConfigProperties' of type [cn.bugstack.config.RedisClientConfigProperties] is not eligible for getting processed by all BeanPostProcessors (for example: not eligible for auto-proxying)
26-03-15.14:27:58.299 [main            ] INFO  Version                - Redisson 3.44.0
26-03-15.14:27:58.479 [main            ] WARN  SequentialDnsAddressResolverFactory - DNS TCP fallback on UDP query timeout disabled. Upgrade Netty to 4.1.105 or higher.
26-03-15.14:27:58.575 [redisson-netty-1-4] INFO  ConnectionsHolder      - 1 connections initialized for 127.0.0.1/127.0.0.1:16379
26-03-15.14:27:58.586 [redisson-netty-1-13] INFO  ConnectionsHolder      - 5 connections initialized for 127.0.0.1/127.0.0.1:16379
26-03-15.14:27:58.627 [main            ] INFO  PostProcessorRegistrationDelegate$BeanPostProcessorChecker - Bean 'redissonClient' of type [org.redisson.Redisson] is not eligible for getting processed by all BeanPostProcessors (for example: not eligible for auto-proxying)
26-03-15.14:27:58.822 [main            ] DEBUG SqlSessionFactoryBean  - Parsed configuration file: 'class path resource [mybatis/config/mybatis-config.xml]'
26-03-15.14:27:58.870 [main            ] DEBUG SqlSessionFactoryBean  - Parsed mapper file: 'file [D:\Learn\Java\group-buy-market\group-buy-market-app\target\classes\mybatis\mapper\crowd_tags_detail_mapper.xml]'
26-03-15.14:27:58.877 [main            ] DEBUG SqlSessionFactoryBean  - Parsed mapper file: 'file [D:\Learn\Java\group-buy-market\group-buy-market-app\target\classes\mybatis\mapper\crowd_tags_job_mapper.xml]'
26-03-15.14:27:58.881 [main            ] DEBUG SqlSessionFactoryBean  - Parsed mapper file: 'file [D:\Learn\Java\group-buy-market\group-buy-market-app\target\classes\mybatis\mapper\crowd_tags_mapper.xml]'
26-03-15.14:27:58.887 [main            ] DEBUG SqlSessionFactoryBean  - Parsed mapper file: 'file [D:\Learn\Java\group-buy-market\group-buy-market-app\target\classes\mybatis\mapper\group_buy_activity_mapper.xml]'
26-03-15.14:27:58.892 [main            ] DEBUG SqlSessionFactoryBean  - Parsed mapper file: 'file [D:\Learn\Java\group-buy-market\group-buy-market-app\target\classes\mybatis\mapper\group_buy_discount_mapper.xml]'
26-03-15.14:27:58.898 [main            ] DEBUG SqlSessionFactoryBean  - Parsed mapper file: 'file [D:\Learn\Java\group-buy-market\group-buy-market-app\target\classes\mybatis\mapper\group_buy_order_list_mapper.xml]'
26-03-15.14:27:58.906 [main            ] DEBUG SqlSessionFactoryBean  - Parsed mapper file: 'file [D:\Learn\Java\group-buy-market\group-buy-market-app\target\classes\mybatis\mapper\group_buy_order_mapper.xml]'
26-03-15.14:27:58.910 [main            ] DEBUG SqlSessionFactoryBean  - Parsed mapper file: 'file [D:\Learn\Java\group-buy-market\group-buy-market-app\target\classes\mybatis\mapper\notify_task_mapper.xml]'
26-03-15.14:27:58.914 [main            ] DEBUG SqlSessionFactoryBean  - Parsed mapper file: 'file [D:\Learn\Java\group-buy-market\group-buy-market-app\target\classes\mybatis\mapper\sc_sky_activity_mapper.xml]'
26-03-15.14:27:58.917 [main            ] DEBUG SqlSessionFactoryBean  - Parsed mapper file: 'file [D:\Learn\Java\group-buy-market\group-buy-market-app\target\classes\mybatis\mapper\sku_mapper.xml]'
26-03-15.14:27:59.977 [main            ] DEBUG MybatisAutoConfiguration - Not found configuration for registering mapper bean using @MapperScan, MapperFactoryBean and MapperScannerConfigurer.
26-03-15.14:28:00.421 [main            ] INFO  EndpointLinksResolver  - Exposing 1 endpoint(s) beneath base path '/actuator'
26-03-15.14:28:00.465 [main            ] INFO  CachingConnectionFactory - Attempting to connect to: [127.0.0.1:5672]
26-03-15.14:28:00.502 [main            ] INFO  CachingConnectionFactory - Created new connection: rabbitConnectionFactory#7fd751de:0/SimpleConnection@1191029d [delegate=amqp://admin@127.0.0.1:5672/, localPort= 3357]
26-03-15.14:28:00.558 [main            ] INFO  ApiTest                - Started ApiTest in 4.084 seconds (JVM running for 4.705)
26-03-15.14:28:00.725 [org.springframework.amqp.rabbit.RabbitListenerEndpointContainer#0-1] INFO  TeamSuccessTopicListener - 接收消息:订单结算：ORD-20231234
26-03-15.14:28:00.728 [org.springframework.amqp.rabbit.RabbitListenerEndpointContainer#0-1] INFO  TeamSuccessTopicListener - 接收消息:订单结算：ORD-20231235
26-03-15.14:28:00.729 [org.springframework.amqp.rabbit.RabbitListenerEndpointContainer#0-1] INFO  TeamSuccessTopicListener - 接收消息:订单结算：ORD-20231236
26-03-15.14:28:00.730 [org.springframework.amqp.rabbit.RabbitListenerEndpointContainer#0-1] INFO  TeamSuccessTopicListener - 接收消息:订单结算：ORD-20231237
26-03-15.14:28:00.731 [org.springframework.amqp.rabbit.RabbitListenerEndpointContainer#0-1] INFO  TeamSuccessTopicListener - 接收消息:订单结算：ORD-20231238
26-03-15.14:28:19.666 [org.springframework.amqp.rabbit.RabbitListenerEndpointContainer#0-2] INFO  SimpleMessageListenerContainer - Waiting for workers to finish.
26-03-15.14:28:19.889 [org.springframework.amqp.rabbit.RabbitListenerEndpointContainer#0-2] INFO  SimpleMessageListenerContainer - Successfully waited for workers to finish.
26-03-15.14:28:19.892 [SpringApplicationShutdownHook] INFO  SimpleMessageListenerContainer - Shutdown ignored - container is already stopped
26-03-15.14:28:49.108 [main            ] INFO  ApiTest                - Starting ApiTest using Java 1.8.0_391 on CHINAMI-OTTQEV9 with PID 18608 (started by Administrator in D:\Learn\Java\group-buy-market\group-buy-market-app)
26-03-15.14:28:49.109 [main            ] INFO  ApiTest                - The following 1 profile is active: "dev"
26-03-15.14:28:49.626 [main            ] DEBUG MybatisAutoConfiguration - Searching for mappers annotated with @Mapper
26-03-15.14:28:49.626 [main            ] DEBUG MybatisAutoConfiguration - Using auto-configuration base package 'cn.bugstack'
26-03-15.14:28:49.745 [main            ] INFO  RepositoryConfigurationDelegate - Multiple Spring Data modules found, entering strict repository configuration mode
26-03-15.14:28:49.747 [main            ] INFO  RepositoryConfigurationDelegate - Bootstrapping Spring Data Redis repositories in DEFAULT mode.
26-03-15.14:28:49.774 [main            ] INFO  RepositoryConfigurationDelegate - Finished Spring Data repository scanning in 16 ms. Found 0 Redis repository interfaces.
26-03-15.14:28:49.851 [main            ] DEBUG ClassPathMapperScanner - Identified candidate component class: file [D:\Learn\Java\group-buy-market\group-buy-market-infrastructure\target\classes\cn\bugstack\infrastructure\dao\ICrowdTagsDao.class]
26-03-15.14:28:49.851 [main            ] DEBUG ClassPathMapperScanner - Identified candidate component class: file [D:\Learn\Java\group-buy-market\group-buy-market-infrastructure\target\classes\cn\bugstack\infrastructure\dao\ICrowdTagsDetailDao.class]
26-03-15.14:28:49.851 [main            ] DEBUG ClassPathMapperScanner - Identified candidate component class: file [D:\Learn\Java\group-buy-market\group-buy-market-infrastructure\target\classes\cn\bugstack\infrastructure\dao\ICrowdTagsJobDao.class]
26-03-15.14:28:49.851 [main            ] DEBUG ClassPathMapperScanner - Identified candidate component class: file [D:\Learn\Java\group-buy-market\group-buy-market-infrastructure\target\classes\cn\bugstack\infrastructure\dao\IGroupBuyActivityDao.class]
26-03-15.14:28:49.851 [main            ] DEBUG ClassPathMapperScanner - Identified candidate component class: file [D:\Learn\Java\group-buy-market\group-buy-market-infrastructure\target\classes\cn\bugstack\infrastructure\dao\IGroupBuyDiscountDao.class]
26-03-15.14:28:49.851 [main            ] DEBUG ClassPathMapperScanner - Identified candidate component class: file [D:\Learn\Java\group-buy-market\group-buy-market-infrastructure\target\classes\cn\bugstack\infrastructure\dao\IGroupBuyOrderDao.class]
26-03-15.14:28:49.851 [main            ] DEBUG ClassPathMapperScanner - Identified candidate component class: file [D:\Learn\Java\group-buy-market\group-buy-market-infrastructure\target\classes\cn\bugstack\infrastructure\dao\IGroupBuyOrderListDao.class]
26-03-15.14:28:49.851 [main            ] DEBUG ClassPathMapperScanner - Identified candidate component class: file [D:\Learn\Java\group-buy-market\group-buy-market-infrastructure\target\classes\cn\bugstack\infrastructure\dao\INotifyTaskDao.class]
26-03-15.14:28:49.851 [main            ] DEBUG ClassPathMapperScanner - Identified candidate component class: file [D:\Learn\Java\group-buy-market\group-buy-market-infrastructure\target\classes\cn\bugstack\infrastructure\dao\ISCSkuActivityDao.class]
26-03-15.14:28:49.851 [main            ] DEBUG ClassPathMapperScanner - Identified candidate component class: file [D:\Learn\Java\group-buy-market\group-buy-market-infrastructure\target\classes\cn\bugstack\infrastructure\dao\ISkuDao.class]
26-03-15.14:28:49.852 [main            ] DEBUG ClassPathMapperScanner - Creating MapperFactoryBean with name 'ICrowdTagsDao' and 'cn.bugstack.infrastructure.dao.ICrowdTagsDao' mapperInterface
26-03-15.14:28:49.852 [main            ] DEBUG ClassPathMapperScanner - Enabling autowire by type for MapperFactoryBean with name 'ICrowdTagsDao'.
26-03-15.14:28:49.852 [main            ] DEBUG ClassPathMapperScanner - Creating MapperFactoryBean with name 'ICrowdTagsDetailDao' and 'cn.bugstack.infrastructure.dao.ICrowdTagsDetailDao' mapperInterface
26-03-15.14:28:49.852 [main            ] DEBUG ClassPathMapperScanner - Enabling autowire by type for MapperFactoryBean with name 'ICrowdTagsDetailDao'.
26-03-15.14:28:49.852 [main            ] DEBUG ClassPathMapperScanner - Creating MapperFactoryBean with name 'ICrowdTagsJobDao' and 'cn.bugstack.infrastructure.dao.ICrowdTagsJobDao' mapperInterface
26-03-15.14:28:49.852 [main            ] DEBUG ClassPathMapperScanner - Enabling autowire by type for MapperFactoryBean with name 'ICrowdTagsJobDao'.
26-03-15.14:28:49.852 [main            ] DEBUG ClassPathMapperScanner - Creating MapperFactoryBean with name 'IGroupBuyActivityDao' and 'cn.bugstack.infrastructure.dao.IGroupBuyActivityDao' mapperInterface
26-03-15.14:28:49.852 [main            ] DEBUG ClassPathMapperScanner - Enabling autowire by type for MapperFactoryBean with name 'IGroupBuyActivityDao'.
26-03-15.14:28:49.852 [main            ] DEBUG ClassPathMapperScanner - Creating MapperFactoryBean with name 'IGroupBuyDiscountDao' and 'cn.bugstack.infrastructure.dao.IGroupBuyDiscountDao' mapperInterface
26-03-15.14:28:49.852 [main            ] DEBUG ClassPathMapperScanner - Enabling autowire by type for MapperFactoryBean with name 'IGroupBuyDiscountDao'.
26-03-15.14:28:49.852 [main            ] DEBUG ClassPathMapperScanner - Creating MapperFactoryBean with name 'IGroupBuyOrderDao' and 'cn.bugstack.infrastructure.dao.IGroupBuyOrderDao' mapperInterface
26-03-15.14:28:49.852 [main            ] DEBUG ClassPathMapperScanner - Enabling autowire by type for MapperFactoryBean with name 'IGroupBuyOrderDao'.
26-03-15.14:28:49.852 [main            ] DEBUG ClassPathMapperScanner - Creating MapperFactoryBean with name 'IGroupBuyOrderListDao' and 'cn.bugstack.infrastructure.dao.IGroupBuyOrderListDao' mapperInterface
26-03-15.14:28:49.852 [main            ] DEBUG ClassPathMapperScanner - Enabling autowire by type for MapperFactoryBean with name 'IGroupBuyOrderListDao'.
26-03-15.14:28:49.852 [main            ] DEBUG ClassPathMapperScanner - Creating MapperFactoryBean with name 'INotifyTaskDao' and 'cn.bugstack.infrastructure.dao.INotifyTaskDao' mapperInterface
26-03-15.14:28:49.852 [main            ] DEBUG ClassPathMapperScanner - Enabling autowire by type for MapperFactoryBean with name 'INotifyTaskDao'.
26-03-15.14:28:49.852 [main            ] DEBUG ClassPathMapperScanner - Creating MapperFactoryBean with name 'ISCSkuActivityDao' and 'cn.bugstack.infrastructure.dao.ISCSkuActivityDao' mapperInterface
26-03-15.14:28:49.852 [main            ] DEBUG ClassPathMapperScanner - Enabling autowire by type for MapperFactoryBean with name 'ISCSkuActivityDao'.
26-03-15.14:28:49.852 [main            ] DEBUG ClassPathMapperScanner - Creating MapperFactoryBean with name 'ISkuDao' and 'cn.bugstack.infrastructure.dao.ISkuDao' mapperInterface
26-03-15.14:28:49.852 [main            ] DEBUG ClassPathMapperScanner - Enabling autowire by type for MapperFactoryBean with name 'ISkuDao'.
26-03-15.14:28:50.035 [main            ] INFO  PostProcessorRegistrationDelegate$BeanPostProcessorChecker - Bean 'redisClientConfig' of type [cn.bugstack.config.RedisClientConfig$$EnhancerBySpringCGLIB$$2e87805e] is not eligible for getting processed by all BeanPostProcessors (for example: not eligible for auto-proxying)
26-03-15.14:28:50.288 [main            ] INFO  PostProcessorRegistrationDelegate$BeanPostProcessorChecker - Bean 'redis.sdk.config-cn.bugstack.config.RedisClientConfigProperties' of type [cn.bugstack.config.RedisClientConfigProperties] is not eligible for getting processed by all BeanPostProcessors (for example: not eligible for auto-proxying)
26-03-15.14:28:50.661 [main            ] INFO  Version                - Redisson 3.44.0
26-03-15.14:28:50.853 [main            ] WARN  SequentialDnsAddressResolverFactory - DNS TCP fallback on UDP query timeout disabled. Upgrade Netty to 4.1.105 or higher.
26-03-15.14:28:50.951 [redisson-netty-1-4] INFO  ConnectionsHolder      - 1 connections initialized for 127.0.0.1/127.0.0.1:16379
26-03-15.14:28:50.961 [redisson-netty-1-13] INFO  ConnectionsHolder      - 5 connections initialized for 127.0.0.1/127.0.0.1:16379
26-03-15.14:28:50.999 [main            ] INFO  PostProcessorRegistrationDelegate$BeanPostProcessorChecker - Bean 'redissonClient' of type [org.redisson.Redisson] is not eligible for getting processed by all BeanPostProcessors (for example: not eligible for auto-proxying)
26-03-15.14:28:51.213 [main            ] DEBUG SqlSessionFactoryBean  - Parsed configuration file: 'class path resource [mybatis/config/mybatis-config.xml]'
26-03-15.14:28:51.254 [main            ] DEBUG SqlSessionFactoryBean  - Parsed mapper file: 'file [D:\Learn\Java\group-buy-market\group-buy-market-app\target\classes\mybatis\mapper\crowd_tags_detail_mapper.xml]'
26-03-15.14:28:51.259 [main            ] DEBUG SqlSessionFactoryBean  - Parsed mapper file: 'file [D:\Learn\Java\group-buy-market\group-buy-market-app\target\classes\mybatis\mapper\crowd_tags_job_mapper.xml]'
26-03-15.14:28:51.264 [main            ] DEBUG SqlSessionFactoryBean  - Parsed mapper file: 'file [D:\Learn\Java\group-buy-market\group-buy-market-app\target\classes\mybatis\mapper\crowd_tags_mapper.xml]'
26-03-15.14:28:51.271 [main            ] DEBUG SqlSessionFactoryBean  - Parsed mapper file: 'file [D:\Learn\Java\group-buy-market\group-buy-market-app\target\classes\mybatis\mapper\group_buy_activity_mapper.xml]'
26-03-15.14:28:51.275 [main            ] DEBUG SqlSessionFactoryBean  - Parsed mapper file: 'file [D:\Learn\Java\group-buy-market\group-buy-market-app\target\classes\mybatis\mapper\group_buy_discount_mapper.xml]'
26-03-15.14:28:51.284 [main            ] DEBUG SqlSessionFactoryBean  - Parsed mapper file: 'file [D:\Learn\Java\group-buy-market\group-buy-market-app\target\classes\mybatis\mapper\group_buy_order_list_mapper.xml]'
26-03-15.14:28:51.292 [main            ] DEBUG SqlSessionFactoryBean  - Parsed mapper file: 'file [D:\Learn\Java\group-buy-market\group-buy-market-app\target\classes\mybatis\mapper\group_buy_order_mapper.xml]'
26-03-15.14:28:51.297 [main            ] DEBUG SqlSessionFactoryBean  - Parsed mapper file: 'file [D:\Learn\Java\group-buy-market\group-buy-market-app\target\classes\mybatis\mapper\notify_task_mapper.xml]'
26-03-15.14:28:51.300 [main            ] DEBUG SqlSessionFactoryBean  - Parsed mapper file: 'file [D:\Learn\Java\group-buy-market\group-buy-market-app\target\classes\mybatis\mapper\sc_sky_activity_mapper.xml]'
26-03-15.14:28:51.304 [main            ] DEBUG SqlSessionFactoryBean  - Parsed mapper file: 'file [D:\Learn\Java\group-buy-market\group-buy-market-app\target\classes\mybatis\mapper\sku_mapper.xml]'
26-03-15.14:28:52.471 [main            ] DEBUG MybatisAutoConfiguration - Not found configuration for registering mapper bean using @MapperScan, MapperFactoryBean and MapperScannerConfigurer.
26-03-15.14:28:52.937 [main            ] INFO  EndpointLinksResolver  - Exposing 1 endpoint(s) beneath base path '/actuator'
26-03-15.14:28:52.994 [main            ] INFO  CachingConnectionFactory - Attempting to connect to: [127.0.0.1:5672]
26-03-15.14:28:53.038 [main            ] INFO  CachingConnectionFactory - Created new connection: rabbitConnectionFactory#39403943:0/SimpleConnection@5f7c1de0 [delegate=amqp://admin@127.0.0.1:5672/, localPort= 5381]
26-03-15.14:28:53.083 [main            ] INFO  ApiTest                - Started ApiTest in 4.265 seconds (JVM running for 5.014)
26-03-15.14:28:53.260 [org.springframework.amqp.rabbit.RabbitListenerEndpointContainer#0-1] INFO  TeamSuccessTopicListener - Gxio接收到消息了！接收消息:订单结算：ORD-20231234
26-03-15.14:28:53.262 [org.springframework.amqp.rabbit.RabbitListenerEndpointContainer#0-1] INFO  TeamSuccessTopicListener - Gxio接收到消息了！接收消息:订单结算：ORD-20231235
26-03-15.14:28:53.263 [org.springframework.amqp.rabbit.RabbitListenerEndpointContainer#0-1] INFO  TeamSuccessTopicListener - Gxio接收到消息了！接收消息:订单结算：ORD-20231236
26-03-15.14:28:53.264 [org.springframework.amqp.rabbit.RabbitListenerEndpointContainer#0-1] INFO  TeamSuccessTopicListener - Gxio接收到消息了！接收消息:订单结算：ORD-20231237
26-03-15.14:28:53.265 [org.springframework.amqp.rabbit.RabbitListenerEndpointContainer#0-1] INFO  TeamSuccessTopicListener - Gxio接收到消息了！接收消息:订单结算：ORD-20231238
26-03-15.14:28:58.329 [org.springframework.amqp.rabbit.RabbitListenerEndpointContainer#0-2] INFO  SimpleMessageListenerContainer - Waiting for workers to finish.
26-03-15.14:28:59.310 [org.springframework.amqp.rabbit.RabbitListenerEndpointContainer#0-2] INFO  SimpleMessageListenerContainer - Successfully waited for workers to finish.
26-03-15.14:28:59.313 [SpringApplicationShutdownHook] INFO  SimpleMessageListenerContainer - Shutdown ignored - container is already stopped
